<?xml version="1.0" encoding="UTF-8"?>
<!-- Generated by org.testng.reporters.JUnitReportReporter -->
<testsuite hostname="MacBook-Air-de-Bryan.local" failures="0" tests="1" name="Tests.ProductInfoTest" time="18.929" errors="0" timestamp="2024-07-05T10:25:52 ART" skipped="0">
  <testcase classname="Tests.ProductInfoTest" name="extractProductInfo" time="18.929"/>
</testsuite> <!-- Tests.ProductInfoTest -->
