<?xml version="1.0" encoding="UTF-8"?>
<!-- Generated by org.testng.reporters.JUnitReportReporter -->
<testsuite hostname="MacBook-Air-de-Bryan.local" failures="0" tests="1" name="Tests.UserRegistrationTest" time="14.846" errors="0" timestamp="2024-07-04T20:28:23 ART" skipped="0">
  <testcase classname="Tests.UserRegistrationTest" name="testUserRegistration" time="14.846"/>
</testsuite> <!-- Tests.UserRegistrationTest -->
