<?xml version="1.0" encoding="UTF-8"?>
<!-- Generated by org.testng.reporters.JUnitReportReporter -->
<testsuite hostname="MacBook-Air-de-Bryan.local" failures="0" tests="1" name="Tests.CategoryNavigationTest" time="15.363" errors="0" timestamp="2024-07-04T23:43:32 ART" skipped="0">
  <testcase classname="Tests.CategoryNavigationTest" name="testCategoryNavigation" time="15.363"/>
</testsuite> <!-- Tests.CategoryNavigationTest -->
