<?xml version="1.0" encoding="UTF-8"?>
<!-- Generated by org.testng.reporters.JUnitReportReporter -->
<testsuite hostname="MacBook-Air-de-Bryan.local" failures="0" tests="1" name="Tests.PurchaseProductTest" time="24.880" errors="0" timestamp="2024-07-05T11:20:13 ART" skipped="0">
  <testcase classname="Tests.PurchaseProductTest" name="testPurchaseProduct" time="24.880"/>
</testsuite> <!-- Tests.PurchaseProductTest -->
