<?xml version="1.0" encoding="UTF-8"?>
<!-- Generated by org.testng.reporters.JUnitReportReporter -->
<testsuite hostname="MacBook-Air-de-Bryan.local" failures="0" tests="1" name="Ecommerce.DemoBlaze.AppTest" time="0.002" errors="0" timestamp="2024-07-03T21:00:16 ART" skipped="0">
  <testcase classname="Ecommerce.DemoBlaze.AppTest" name="shouldAnswerWithTrue" time="0.002"/>
</testsuite> <!-- Ecommerce.DemoBlaze.AppTest -->
